Determining if the pthread_create exist failed with the following output:
Change Dir: /home/johannes/Devel/snmpc/cmake-build-debug/CMakeFiles/CMakeTmp

Run Build Command(s):/usr/bin/make cmTC_e9a19/fast 
/usr/bin/make -f CMakeFiles/cmTC_e9a19.dir/build.make CMakeFiles/cmTC_e9a19.dir/build
make[1]: Entering directory '/home/johannes/Devel/snmpc/cmake-build-debug/CMakeFiles/CMakeTmp'
Building C object CMakeFiles/cmTC_e9a19.dir/CheckSymbolExists.c.o
/usr/bin/cc   -Wall -Werror    -o CMakeFiles/cmTC_e9a19.dir/CheckSymbolExists.c.o   -c /home/johannes/Devel/snmpc/cmake-build-debug/CMakeFiles/CMakeTmp/CheckSymbolExists.c
Linking C executable cmTC_e9a19
/opt/clion-2019.2/bin/cmake/linux/bin/cmake -E cmake_link_script CMakeFiles/cmTC_e9a19.dir/link.txt --verbose=1
/usr/bin/cc  -Wall -Werror     -rdynamic CMakeFiles/cmTC_e9a19.dir/CheckSymbolExists.c.o  -o cmTC_e9a19 
CMakeFiles/cmTC_e9a19.dir/CheckSymbolExists.c.o: In function `main':
CheckSymbolExists.c:(.text+0x1b): undefined reference to `pthread_create'
collect2: error: ld returned 1 exit status
CMakeFiles/cmTC_e9a19.dir/build.make:86: recipe for target 'cmTC_e9a19' failed
make[1]: *** [cmTC_e9a19] Error 1
make[1]: Leaving directory '/home/johannes/Devel/snmpc/cmake-build-debug/CMakeFiles/CMakeTmp'
Makefile:121: recipe for target 'cmTC_e9a19/fast' failed
make: *** [cmTC_e9a19/fast] Error 2

File /home/johannes/Devel/snmpc/cmake-build-debug/CMakeFiles/CMakeTmp/CheckSymbolExists.c:
/* */
#include <pthread.h>

int main(int argc, char** argv)
{
  (void)argv;
#ifndef pthread_create
  return ((int*)(&pthread_create))[argc];
#else
  (void)argc;
  return 0;
#endif
}

Determining if the function pthread_create exists in the pthreads failed with the following output:
Change Dir: /home/johannes/Devel/snmpc/cmake-build-debug/CMakeFiles/CMakeTmp

Run Build Command(s):/usr/bin/make cmTC_01177/fast 
/usr/bin/make -f CMakeFiles/cmTC_01177.dir/build.make CMakeFiles/cmTC_01177.dir/build
make[1]: Entering directory '/home/johannes/Devel/snmpc/cmake-build-debug/CMakeFiles/CMakeTmp'
Building C object CMakeFiles/cmTC_01177.dir/CheckFunctionExists.c.o
/usr/bin/cc   -Wall -Werror -DCHECK_FUNCTION_EXISTS=pthread_create   -o CMakeFiles/cmTC_01177.dir/CheckFunctionExists.c.o   -c /opt/clion-2019.2/bin/cmake/linux/share/cmake-3.14/Modules/CheckFunctionExists.c
Linking C executable cmTC_01177
/opt/clion-2019.2/bin/cmake/linux/bin/cmake -E cmake_link_script CMakeFiles/cmTC_01177.dir/link.txt --verbose=1
/usr/bin/cc  -Wall -Werror -DCHECK_FUNCTION_EXISTS=pthread_create    -rdynamic CMakeFiles/cmTC_01177.dir/CheckFunctionExists.c.o  -o cmTC_01177 -lpthreads 
/usr/bin/ld: cannot find -lpthreads
collect2: error: ld returned 1 exit status
CMakeFiles/cmTC_01177.dir/build.make:86: recipe for target 'cmTC_01177' failed
make[1]: *** [cmTC_01177] Error 1
make[1]: Leaving directory '/home/johannes/Devel/snmpc/cmake-build-debug/CMakeFiles/CMakeTmp'
Makefile:121: recipe for target 'cmTC_01177/fast' failed
make: *** [cmTC_01177/fast] Error 2


