Determining if the pthread_create exist failed with the following output:
Change Dir: /home/johannes/Devel/j_MPC/build/CMakeFiles/CMakeTmp

Run Build Command:"/usr/bin/make" "cmTC_3f0a4/fast"
/usr/bin/make -f CMakeFiles/cmTC_3f0a4.dir/build.make CMakeFiles/cmTC_3f0a4.dir/build
make[1]: Entering directory '/home/johannes/Devel/j_MPC/build/CMakeFiles/CMakeTmp'
Building C object CMakeFiles/cmTC_3f0a4.dir/CheckSymbolExists.c.o
/usr/bin/cc   -Wall -Werror    -o CMakeFiles/cmTC_3f0a4.dir/CheckSymbolExists.c.o   -c /home/johannes/Devel/j_MPC/build/CMakeFiles/CMakeTmp/CheckSymbolExists.c
Linking C executable cmTC_3f0a4
/usr/bin/cmake -E cmake_link_script CMakeFiles/cmTC_3f0a4.dir/link.txt --verbose=1
/usr/bin/cc  -Wall -Werror     -rdynamic CMakeFiles/cmTC_3f0a4.dir/CheckSymbolExists.c.o  -o cmTC_3f0a4 
CMakeFiles/cmTC_3f0a4.dir/CheckSymbolExists.c.o: In function `main':
CheckSymbolExists.c:(.text+0x1b): undefined reference to `pthread_create'
collect2: error: ld returned 1 exit status
CMakeFiles/cmTC_3f0a4.dir/build.make:97: recipe for target 'cmTC_3f0a4' failed
make[1]: *** [cmTC_3f0a4] Error 1
make[1]: Leaving directory '/home/johannes/Devel/j_MPC/build/CMakeFiles/CMakeTmp'
Makefile:126: recipe for target 'cmTC_3f0a4/fast' failed
make: *** [cmTC_3f0a4/fast] Error 2

File /home/johannes/Devel/j_MPC/build/CMakeFiles/CMakeTmp/CheckSymbolExists.c:
/* */
#include <pthread.h>

int main(int argc, char** argv)
{
  (void)argv;
#ifndef pthread_create
  return ((int*)(&pthread_create))[argc];
#else
  (void)argc;
  return 0;
#endif
}

Determining if the function pthread_create exists in the pthreads failed with the following output:
Change Dir: /home/johannes/Devel/j_MPC/build/CMakeFiles/CMakeTmp

Run Build Command:"/usr/bin/make" "cmTC_21283/fast"
/usr/bin/make -f CMakeFiles/cmTC_21283.dir/build.make CMakeFiles/cmTC_21283.dir/build
make[1]: Entering directory '/home/johannes/Devel/j_MPC/build/CMakeFiles/CMakeTmp'
Building C object CMakeFiles/cmTC_21283.dir/CheckFunctionExists.c.o
/usr/bin/cc   -Wall -Werror -DCHECK_FUNCTION_EXISTS=pthread_create   -o CMakeFiles/cmTC_21283.dir/CheckFunctionExists.c.o   -c /usr/share/cmake-3.10/Modules/CheckFunctionExists.c
Linking C executable cmTC_21283
/usr/bin/cmake -E cmake_link_script CMakeFiles/cmTC_21283.dir/link.txt --verbose=1
/usr/bin/cc  -Wall -Werror -DCHECK_FUNCTION_EXISTS=pthread_create    -rdynamic CMakeFiles/cmTC_21283.dir/CheckFunctionExists.c.o  -o cmTC_21283 -lpthreads 
/usr/bin/ld: cannot find -lpthreads
collect2: error: ld returned 1 exit status
CMakeFiles/cmTC_21283.dir/build.make:97: recipe for target 'cmTC_21283' failed
make[1]: *** [cmTC_21283] Error 1
make[1]: Leaving directory '/home/johannes/Devel/j_MPC/build/CMakeFiles/CMakeTmp'
Makefile:126: recipe for target 'cmTC_21283/fast' failed
make: *** [cmTC_21283/fast] Error 2


Determining if the pthread_create exist failed with the following output:
Change Dir: /home/johannes/Devel/j_MPC/build/CMakeFiles/CMakeTmp

Run Build Command:"/usr/bin/make" "cmTC_29c6f/fast"
/usr/bin/make -f CMakeFiles/cmTC_29c6f.dir/build.make CMakeFiles/cmTC_29c6f.dir/build
make[1]: Entering directory '/home/johannes/Devel/j_MPC/build/CMakeFiles/CMakeTmp'
Building C object CMakeFiles/cmTC_29c6f.dir/CheckSymbolExists.c.o
/usr/bin/cc   -Wall -Werror    -o CMakeFiles/cmTC_29c6f.dir/CheckSymbolExists.c.o   -c /home/johannes/Devel/j_MPC/build/CMakeFiles/CMakeTmp/CheckSymbolExists.c
Linking C executable cmTC_29c6f
/usr/bin/cmake -E cmake_link_script CMakeFiles/cmTC_29c6f.dir/link.txt --verbose=1
/usr/bin/cc  -Wall -Werror     -rdynamic CMakeFiles/cmTC_29c6f.dir/CheckSymbolExists.c.o  -o cmTC_29c6f 
CMakeFiles/cmTC_29c6f.dir/CheckSymbolExists.c.o: In function `main':
CheckSymbolExists.c:(.text+0x1b): undefined reference to `pthread_create'
collect2: error: ld returned 1 exit status
CMakeFiles/cmTC_29c6f.dir/build.make:97: recipe for target 'cmTC_29c6f' failed
make[1]: *** [cmTC_29c6f] Error 1
make[1]: Leaving directory '/home/johannes/Devel/j_MPC/build/CMakeFiles/CMakeTmp'
Makefile:126: recipe for target 'cmTC_29c6f/fast' failed
make: *** [cmTC_29c6f/fast] Error 2

File /home/johannes/Devel/j_MPC/build/CMakeFiles/CMakeTmp/CheckSymbolExists.c:
/* */
#include <pthread.h>

int main(int argc, char** argv)
{
  (void)argv;
#ifndef pthread_create
  return ((int*)(&pthread_create))[argc];
#else
  (void)argc;
  return 0;
#endif
}

Determining if the function pthread_create exists in the pthreads failed with the following output:
Change Dir: /home/johannes/Devel/j_MPC/build/CMakeFiles/CMakeTmp

Run Build Command:"/usr/bin/make" "cmTC_28323/fast"
/usr/bin/make -f CMakeFiles/cmTC_28323.dir/build.make CMakeFiles/cmTC_28323.dir/build
make[1]: Entering directory '/home/johannes/Devel/j_MPC/build/CMakeFiles/CMakeTmp'
Building C object CMakeFiles/cmTC_28323.dir/CheckFunctionExists.c.o
/usr/bin/cc   -Wall -Werror -DCHECK_FUNCTION_EXISTS=pthread_create   -o CMakeFiles/cmTC_28323.dir/CheckFunctionExists.c.o   -c /usr/share/cmake-3.10/Modules/CheckFunctionExists.c
Linking C executable cmTC_28323
/usr/bin/cmake -E cmake_link_script CMakeFiles/cmTC_28323.dir/link.txt --verbose=1
/usr/bin/cc  -Wall -Werror -DCHECK_FUNCTION_EXISTS=pthread_create    -rdynamic CMakeFiles/cmTC_28323.dir/CheckFunctionExists.c.o  -o cmTC_28323 -lpthreads 
/usr/bin/ld: cannot find -lpthreads
collect2: error: ld returned 1 exit status
CMakeFiles/cmTC_28323.dir/build.make:97: recipe for target 'cmTC_28323' failed
make[1]: *** [cmTC_28323] Error 1
make[1]: Leaving directory '/home/johannes/Devel/j_MPC/build/CMakeFiles/CMakeTmp'
Makefile:126: recipe for target 'cmTC_28323/fast' failed
make: *** [cmTC_28323/fast] Error 2


Determining if the pthread_create exist failed with the following output:
Change Dir: /home/johannes/Devel/j_MPC/build/CMakeFiles/CMakeTmp

Run Build Command:"/usr/bin/make" "cmTC_2941c/fast"
/usr/bin/make -f CMakeFiles/cmTC_2941c.dir/build.make CMakeFiles/cmTC_2941c.dir/build
make[1]: Entering directory '/home/johannes/Devel/j_MPC/build/CMakeFiles/CMakeTmp'
Building C object CMakeFiles/cmTC_2941c.dir/CheckSymbolExists.c.o
/usr/bin/cc   -Wall -Werror    -o CMakeFiles/cmTC_2941c.dir/CheckSymbolExists.c.o   -c /home/johannes/Devel/j_MPC/build/CMakeFiles/CMakeTmp/CheckSymbolExists.c
Linking C executable cmTC_2941c
/usr/bin/cmake -E cmake_link_script CMakeFiles/cmTC_2941c.dir/link.txt --verbose=1
/usr/bin/cc  -Wall -Werror     -rdynamic CMakeFiles/cmTC_2941c.dir/CheckSymbolExists.c.o  -o cmTC_2941c 
CMakeFiles/cmTC_2941c.dir/CheckSymbolExists.c.o: In function `main':
CheckSymbolExists.c:(.text+0x1b): undefined reference to `pthread_create'
collect2: error: ld returned 1 exit status
CMakeFiles/cmTC_2941c.dir/build.make:97: recipe for target 'cmTC_2941c' failed
make[1]: *** [cmTC_2941c] Error 1
make[1]: Leaving directory '/home/johannes/Devel/j_MPC/build/CMakeFiles/CMakeTmp'
Makefile:126: recipe for target 'cmTC_2941c/fast' failed
make: *** [cmTC_2941c/fast] Error 2

File /home/johannes/Devel/j_MPC/build/CMakeFiles/CMakeTmp/CheckSymbolExists.c:
/* */
#include <pthread.h>

int main(int argc, char** argv)
{
  (void)argv;
#ifndef pthread_create
  return ((int*)(&pthread_create))[argc];
#else
  (void)argc;
  return 0;
#endif
}

Determining if the function pthread_create exists in the pthreads failed with the following output:
Change Dir: /home/johannes/Devel/j_MPC/build/CMakeFiles/CMakeTmp

Run Build Command:"/usr/bin/make" "cmTC_920c7/fast"
/usr/bin/make -f CMakeFiles/cmTC_920c7.dir/build.make CMakeFiles/cmTC_920c7.dir/build
make[1]: Entering directory '/home/johannes/Devel/j_MPC/build/CMakeFiles/CMakeTmp'
Building C object CMakeFiles/cmTC_920c7.dir/CheckFunctionExists.c.o
/usr/bin/cc   -Wall -Werror -DCHECK_FUNCTION_EXISTS=pthread_create   -o CMakeFiles/cmTC_920c7.dir/CheckFunctionExists.c.o   -c /usr/share/cmake-3.10/Modules/CheckFunctionExists.c
Linking C executable cmTC_920c7
/usr/bin/cmake -E cmake_link_script CMakeFiles/cmTC_920c7.dir/link.txt --verbose=1
/usr/bin/cc  -Wall -Werror -DCHECK_FUNCTION_EXISTS=pthread_create    -rdynamic CMakeFiles/cmTC_920c7.dir/CheckFunctionExists.c.o  -o cmTC_920c7 -lpthreads 
/usr/bin/ld: cannot find -lpthreads
collect2: error: ld returned 1 exit status
CMakeFiles/cmTC_920c7.dir/build.make:97: recipe for target 'cmTC_920c7' failed
make[1]: *** [cmTC_920c7] Error 1
make[1]: Leaving directory '/home/johannes/Devel/j_MPC/build/CMakeFiles/CMakeTmp'
Makefile:126: recipe for target 'cmTC_920c7/fast' failed
make: *** [cmTC_920c7/fast] Error 2


Determining if the pthread_create exist failed with the following output:
Change Dir: /home/johannes/Devel/j_MPC/build/CMakeFiles/CMakeTmp

Run Build Command:"/usr/bin/make" "cmTC_50c50/fast"
/usr/bin/make -f CMakeFiles/cmTC_50c50.dir/build.make CMakeFiles/cmTC_50c50.dir/build
make[1]: Entering directory '/home/johannes/Devel/j_MPC/build/CMakeFiles/CMakeTmp'
Building C object CMakeFiles/cmTC_50c50.dir/CheckSymbolExists.c.o
/usr/bin/cc   -Wall -Werror    -o CMakeFiles/cmTC_50c50.dir/CheckSymbolExists.c.o   -c /home/johannes/Devel/j_MPC/build/CMakeFiles/CMakeTmp/CheckSymbolExists.c
Linking C executable cmTC_50c50
/usr/bin/cmake -E cmake_link_script CMakeFiles/cmTC_50c50.dir/link.txt --verbose=1
/usr/bin/cc  -Wall -Werror     -rdynamic CMakeFiles/cmTC_50c50.dir/CheckSymbolExists.c.o  -o cmTC_50c50 
CMakeFiles/cmTC_50c50.dir/CheckSymbolExists.c.o: In function `main':
CheckSymbolExists.c:(.text+0x1b): undefined reference to `pthread_create'
collect2: error: ld returned 1 exit status
CMakeFiles/cmTC_50c50.dir/build.make:97: recipe for target 'cmTC_50c50' failed
make[1]: *** [cmTC_50c50] Error 1
make[1]: Leaving directory '/home/johannes/Devel/j_MPC/build/CMakeFiles/CMakeTmp'
Makefile:126: recipe for target 'cmTC_50c50/fast' failed
make: *** [cmTC_50c50/fast] Error 2

File /home/johannes/Devel/j_MPC/build/CMakeFiles/CMakeTmp/CheckSymbolExists.c:
/* */
#include <pthread.h>

int main(int argc, char** argv)
{
  (void)argv;
#ifndef pthread_create
  return ((int*)(&pthread_create))[argc];
#else
  (void)argc;
  return 0;
#endif
}

Determining if the function pthread_create exists in the pthreads failed with the following output:
Change Dir: /home/johannes/Devel/j_MPC/build/CMakeFiles/CMakeTmp

Run Build Command:"/usr/bin/make" "cmTC_171ef/fast"
/usr/bin/make -f CMakeFiles/cmTC_171ef.dir/build.make CMakeFiles/cmTC_171ef.dir/build
make[1]: Entering directory '/home/johannes/Devel/j_MPC/build/CMakeFiles/CMakeTmp'
Building C object CMakeFiles/cmTC_171ef.dir/CheckFunctionExists.c.o
/usr/bin/cc   -Wall -Werror -DCHECK_FUNCTION_EXISTS=pthread_create   -o CMakeFiles/cmTC_171ef.dir/CheckFunctionExists.c.o   -c /usr/share/cmake-3.10/Modules/CheckFunctionExists.c
Linking C executable cmTC_171ef
/usr/bin/cmake -E cmake_link_script CMakeFiles/cmTC_171ef.dir/link.txt --verbose=1
/usr/bin/cc  -Wall -Werror -DCHECK_FUNCTION_EXISTS=pthread_create    -rdynamic CMakeFiles/cmTC_171ef.dir/CheckFunctionExists.c.o  -o cmTC_171ef -lpthreads 
/usr/bin/ld: cannot find -lpthreads
collect2: error: ld returned 1 exit status
CMakeFiles/cmTC_171ef.dir/build.make:97: recipe for target 'cmTC_171ef' failed
make[1]: *** [cmTC_171ef] Error 1
make[1]: Leaving directory '/home/johannes/Devel/j_MPC/build/CMakeFiles/CMakeTmp'
Makefile:126: recipe for target 'cmTC_171ef/fast' failed
make: *** [cmTC_171ef/fast] Error 2


Determining if the pthread_create exist failed with the following output:
Change Dir: /home/johannes/Devel/johannes_mpc/build/CMakeFiles/CMakeTmp

Run Build Command:"/usr/bin/make" "cmTC_89c38/fast"
/usr/bin/make -f CMakeFiles/cmTC_89c38.dir/build.make CMakeFiles/cmTC_89c38.dir/build
make[1]: Entering directory '/home/johannes/Devel/johannes_mpc/build/CMakeFiles/CMakeTmp'
Building C object CMakeFiles/cmTC_89c38.dir/CheckSymbolExists.c.o
/usr/bin/cc   -Wall -Werror    -o CMakeFiles/cmTC_89c38.dir/CheckSymbolExists.c.o   -c /home/johannes/Devel/johannes_mpc/build/CMakeFiles/CMakeTmp/CheckSymbolExists.c
Linking C executable cmTC_89c38
/usr/bin/cmake -E cmake_link_script CMakeFiles/cmTC_89c38.dir/link.txt --verbose=1
/usr/bin/cc  -Wall -Werror     -rdynamic CMakeFiles/cmTC_89c38.dir/CheckSymbolExists.c.o  -o cmTC_89c38 
CMakeFiles/cmTC_89c38.dir/CheckSymbolExists.c.o: In function `main':
CheckSymbolExists.c:(.text+0x1b): undefined reference to `pthread_create'
collect2: error: ld returned 1 exit status
CMakeFiles/cmTC_89c38.dir/build.make:97: recipe for target 'cmTC_89c38' failed
make[1]: *** [cmTC_89c38] Error 1
make[1]: Leaving directory '/home/johannes/Devel/johannes_mpc/build/CMakeFiles/CMakeTmp'
Makefile:126: recipe for target 'cmTC_89c38/fast' failed
make: *** [cmTC_89c38/fast] Error 2

File /home/johannes/Devel/johannes_mpc/build/CMakeFiles/CMakeTmp/CheckSymbolExists.c:
/* */
#include <pthread.h>

int main(int argc, char** argv)
{
  (void)argv;
#ifndef pthread_create
  return ((int*)(&pthread_create))[argc];
#else
  (void)argc;
  return 0;
#endif
}

Determining if the function pthread_create exists in the pthreads failed with the following output:
Change Dir: /home/johannes/Devel/johannes_mpc/build/CMakeFiles/CMakeTmp

Run Build Command:"/usr/bin/make" "cmTC_d6650/fast"
/usr/bin/make -f CMakeFiles/cmTC_d6650.dir/build.make CMakeFiles/cmTC_d6650.dir/build
make[1]: Entering directory '/home/johannes/Devel/johannes_mpc/build/CMakeFiles/CMakeTmp'
Building C object CMakeFiles/cmTC_d6650.dir/CheckFunctionExists.c.o
/usr/bin/cc   -Wall -Werror -DCHECK_FUNCTION_EXISTS=pthread_create   -o CMakeFiles/cmTC_d6650.dir/CheckFunctionExists.c.o   -c /usr/share/cmake-3.10/Modules/CheckFunctionExists.c
Linking C executable cmTC_d6650
/usr/bin/cmake -E cmake_link_script CMakeFiles/cmTC_d6650.dir/link.txt --verbose=1
/usr/bin/cc  -Wall -Werror -DCHECK_FUNCTION_EXISTS=pthread_create    -rdynamic CMakeFiles/cmTC_d6650.dir/CheckFunctionExists.c.o  -o cmTC_d6650 -lpthreads 
/usr/bin/ld: cannot find -lpthreads
collect2: error: ld returned 1 exit status
CMakeFiles/cmTC_d6650.dir/build.make:97: recipe for target 'cmTC_d6650' failed
make[1]: *** [cmTC_d6650] Error 1
make[1]: Leaving directory '/home/johannes/Devel/johannes_mpc/build/CMakeFiles/CMakeTmp'
Makefile:126: recipe for target 'cmTC_d6650/fast' failed
make: *** [cmTC_d6650/fast] Error 2


